GROUP,PACKAGE,CLASS,INSTRUCTION_MISSED,INSTRUCTION_COVERED,BRANCH_MISSED,BRANCH_COVERED,LINE_MISSED,LINE_COVERED,COMPLEXITY_MISSED,COMPLEXITY_COVERED,METHOD_MISSED,METHOD_COVERED
conversor-project-degrees-radians,com.example.maven.conversor_project_degrees_radians,MainFrame,180,0,0,0,36,0,3,0,3,0
conversor-project-degrees-radians,com.example.maven.conversor_project_degrees_radians,MainFrame.new Runnable() {...},16,0,0,0,7,0,2,0,2,0
conversor-project-degrees-radians,com.example.maven.conversor_project_degrees_radians,DegreesToRadians,0,13,0,0,0,5,0,3,0,3
