<?xml version="1.0" encoding="UTF-8"?>
<!-- Generated by org.testng.reporters.JUnitXMLReporter -->
<testsuite hostname="christian-VirtualBox" name="Surefire test" tests="2" failures="0" timestamp="5 Dec 2017 11:05:34 GMT" time="1.132" errors="0">
  <testcase name="testDegresToRadians on testDegresToRadians(com.example.maven.conversor_project_degrees_radians.DegresToRadiansTest)" time="0.632" classname="com.example.maven.conversor_project_degrees_radians.DegresToRadiansTest"/>
  <testcase name="testRadiansToDegres on testRadiansToDegres(com.example.maven.conversor_project_degrees_radians.DegresToRadiansTest)" time="0.257" classname="com.example.maven.conversor_project_degrees_radians.DegresToRadiansTest"/>
</testsuite> <!-- Surefire test -->
