<?xml version="1.0" encoding="UTF-8"?>
<!-- Generated by org.testng.reporters.JUnitXMLReporter -->
<testsuite hostname="christian-VirtualBox" name="Surefire test" tests="2" failures="0" timestamp="7 Dec 2017 10:32:52 GMT" time="0.482" errors="0">
  <testcase name="testDegresToRadians on testDegresToRadians(com.example.maven.conversor_project_degrees_radians.DegresToRadiansTest)" time="0.105" classname="com.example.maven.conversor_project_degrees_radians.DegresToRadiansTest"/>
  <testcase name="testRadiansToDegres on testRadiansToDegres(com.example.maven.conversor_project_degrees_radians.DegresToRadiansTest)" time="0.102" classname="com.example.maven.conversor_project_degrees_radians.DegresToRadiansTest"/>
</testsuite> <!-- Surefire test -->
