<?xml version="1.0" encoding="UTF-8"?>
<testng-results skipped="0" failed="0" total="2" passed="2">
  <reporter-output>
  </reporter-output>
  <suite name="Surefire suite" duration-ms="482" started-at="2017-12-07T10:32:51Z" finished-at="2017-12-07T10:32:52Z">
    <groups>
    </groups>
    <test name="Surefire test" duration-ms="482" started-at="2017-12-07T10:32:51Z" finished-at="2017-12-07T10:32:52Z">
      <class name="com.example.maven.conversor_project_degrees_radians.DegresToRadiansTest">
        <test-method status="PASS" signature="testDegresToRadians()[pri:0, instance:testDegresToRadians(com.example.maven.conversor_project_degrees_radians.DegresToRadiansTest)]" name="testDegresToRadians" duration-ms="105" started-at="2017-12-07T11:32:52Z" finished-at="2017-12-07T11:32:52Z">
          <reporter-output>
          </reporter-output>
        </test-method> <!-- testDegresToRadians -->
        <test-method status="PASS" signature="testRadiansToDegres()[pri:0, instance:testRadiansToDegres(com.example.maven.conversor_project_degrees_radians.DegresToRadiansTest)]" name="testRadiansToDegres" duration-ms="102" started-at="2017-12-07T11:32:52Z" finished-at="2017-12-07T11:32:52Z">
          <reporter-output>
          </reporter-output>
        </test-method> <!-- testRadiansToDegres -->
      </class> <!-- com.example.maven.conversor_project_degrees_radians.DegresToRadiansTest -->
    </test> <!-- Surefire test -->
  </suite> <!-- Surefire suite -->
</testng-results>
